<?xml version="1.0" encoding="UTF-8"?>
<!-- Generated by org.testng.reporters.JUnitXMLReporter -->
<testsuite ignored="2" hostname="Mohit" failures="0" tests="0" name="ErrorValidateTest" time="6.663" errors="0" timestamp="2025-03-30T19:22:26 IST">
  <testcase classname="Selenium.Testpackage.ErrorValidation" name="validateOrderConfirmation" time="0.0">
    <ignored/>
  </testcase> <!-- validateOrderConfirmation -->
  <testcase classname="Selenium.Testpackage.ErrorValidation" name="validateSignout" time="0.0">
    <ignored/>
  </testcase> <!-- validateSignout -->
</testsuite> <!-- ErrorValidateTest -->
