<?xml version="1.0" encoding="UTF-8"?>
<!-- Generated by org.testng.reporters.JUnitXMLReporter -->
<testsuite ignored="2" hostname="Mohit" failures="0" tests="2" name="Error validation Test" time="13.259" errors="0" timestamp="2025-03-31T00:17:15 IST">
  <testcase classname="Selenium.Testpackage.ErrorValidationTest" name="validateSignout" time="7.398"/>
  <testcase classname="Selenium.Testpackage.ErrorValidationTest" name="validateSignout" time="4.854"/>
  <testcase classname="Selenium.Testpackage.ErrorValidationTest" name="validatecartProduct" time="0.0">
    <ignored/>
  </testcase> <!-- validatecartProduct -->
  <testcase classname="Selenium.Testpackage.ErrorValidationTest" name="validateOrderConfirmation" time="0.0">
    <ignored/>
  </testcase> <!-- validateOrderConfirmation -->
</testsuite> <!-- Error validation Test -->
