<?xml version="1.0" encoding="UTF-8"?>
<!-- Generated by org.testng.reporters.JUnitXMLReporter -->
<testsuite ignored="2" hostname="Mohit" failures="0" tests="1" name="test" time="8.397" errors="0" timestamp="2025-03-31T00:17:23 IST">
  <testcase classname="Selenium.Testpackage.ErrorValidationTest" name="validatecartProduct" time="8.114"/>
  <testcase classname="Selenium.Testpackage.ErrorValidationTest" name="validateSignout" time="0.0">
    <ignored/>
  </testcase> <!-- validateSignout -->
  <testcase classname="Selenium.Testpackage.ErrorValidationTest" name="validateOrderConfirmation" time="0.0">
    <ignored/>
  </testcase> <!-- validateOrderConfirmation -->
</testsuite> <!-- test -->
