<?xml version="1.0" encoding="UTF-8"?>
<!-- Generated by org.testng.reporters.JUnitXMLReporter -->
<testsuite ignored="2" hostname="Mohit" failures="2" tests="4" name="Error validation Test" time="20.888" errors="0" timestamp="2025-03-31T01:48:04 IST">
  <testcase classname="Selenium.Testpackage.ErrorValidationTest" name="validateSignout" time="6.475">
    <skipped/>
  </testcase> <!-- validateSignout -->
  <testcase classname="Selenium.Testpackage.ErrorValidationTest" name="validateSignout" time="3.694">
    <failure type="java.lang.AssertionError" message="expected [LogoutSuccessfully] but found [Logout Successfully]">
      <![CDATA[java.lang.AssertionError: expected [LogoutSuccessfully] but found [Logout Successfully]
at Selenium.Testpackage.ErrorValidationTest.validateSignout(ErrorValidationTest.java:31)
at java.base/java.util.ArrayList.forEach(ArrayList.java:1596)
... Removed 35 stack frames]]>
    </failure>
  </testcase> <!-- validateSignout -->
  <testcase classname="Selenium.Testpackage.ErrorValidationTest" name="validateSignout" time="3.593">
    <skipped/>
  </testcase> <!-- validateSignout -->
  <testcase classname="Selenium.Testpackage.ErrorValidationTest" name="validateSignout" time="4.719">
    <failure type="java.lang.AssertionError" message="expected [LogoutSuccessfully] but found [Logout Successfully]">
      <![CDATA[java.lang.AssertionError: expected [LogoutSuccessfully] but found [Logout Successfully]
at Selenium.Testpackage.ErrorValidationTest.validateSignout(ErrorValidationTest.java:31)
at java.base/java.util.ArrayList.forEach(ArrayList.java:1596)
... Removed 35 stack frames]]>
    </failure>
  </testcase> <!-- validateSignout -->
  <testcase classname="Selenium.Testpackage.ErrorValidationTest" name="validateOrderConfirmation" time="0.0">
    <ignored/>
  </testcase> <!-- validateOrderConfirmation -->
  <testcase classname="Selenium.Testpackage.ErrorValidationTest" name="validatecartProduct" time="0.0">
    <ignored/>
  </testcase> <!-- validatecartProduct -->
</testsuite> <!-- Error validation Test -->
