<?xml version="1.0" encoding="UTF-8"?>
<!-- Generated by org.testng.reporters.JUnitXMLReporter -->
<testsuite ignored="2" hostname="Mohit" failures="0" tests="2" name="Smoke" time="16.918" errors="0" timestamp="2025-03-31T14:45:52 IST">
  <testcase classname="Selenium.Testpackage.ErrorValidationTest" name="validateSignout" time="10.187"/>
  <testcase classname="Selenium.Testpackage.ErrorValidationTest" name="validateSignout" time="5.747"/>
  <testcase classname="Selenium.Testpackage.ErrorValidationTest" name="validateOrderConfirmation" time="0.0">
    <ignored/>
  </testcase> <!-- validateOrderConfirmation -->
  <testcase classname="Selenium.Testpackage.ErrorValidationTest" name="validatecartProduct" time="0.0">
    <ignored/>
  </testcase> <!-- validatecartProduct -->
</testsuite> <!-- Smoke -->
