<?xml version="1.0" encoding="UTF-8"?>
<testng-results ignored="2" total="4" passed="2" failed="0" skipped="0">
  <reporter-output>
  </reporter-output>
  <suite started-at="2025-03-31T14:45:35 IST" name="Suite" finished-at="2025-03-31T14:45:52 IST" duration-ms="16918">
    <groups>
      <group name="Smoke">
        <method signature="ErrorValidationTest.validateSignout(java.util.HashMap)[pri:0, instance:Selenium.Testpackage.ErrorValidationTest@43f02ef2]" name="validateSignout" class="Selenium.Testpackage.ErrorValidationTest"/>
      </group> <!-- Smoke -->
    </groups>
    <test started-at="2025-03-31T14:45:35 IST" name="Smoke" finished-at="2025-03-31T14:45:52 IST" duration-ms="16918">
      <class name="Selenium.Testpackage.ErrorValidationTest">
        <test-method signature="validateSignout(java.util.HashMap)[pri:0, instance:Selenium.Testpackage.ErrorValidationTest@43f02ef2]" started-at="2025-03-31T14:45:35 IST" name="validateSignout" data-provider="getData" finished-at="2025-03-31T14:45:45 IST" duration-ms="10187" status="PASS">
          <params>
            <param index="0">
              <value>
                <![CDATA[{password=Password@135, email=rohit0007sethi@gmail.com}]]>
              </value>
            </param>
          </params>
          <reporter-output>
          </reporter-output>
        </test-method> <!-- validateSignout -->
        <test-method is-config="true" signature="close()[pri:0, instance:Selenium.Testpackage.ErrorValidationTest@43f02ef2]" started-at="2025-03-31T14:45:45 IST" name="close" finished-at="2025-03-31T14:45:46 IST" duration-ms="256" status="PASS">
          <reporter-output>
          </reporter-output>
        </test-method> <!-- close -->
        <test-method signature="validateSignout(java.util.HashMap)[pri:0, instance:Selenium.Testpackage.ErrorValidationTest@43f02ef2]" started-at="2025-03-31T14:45:46 IST" name="validateSignout" data-provider="getData" finished-at="2025-03-31T14:45:51 IST" duration-ms="5747" status="PASS">
          <params>
            <param index="0">
              <value>
                <![CDATA[{password=Password@135, email=mohit0007sethi@gmail.com}]]>
              </value>
            </param>
          </params>
          <reporter-output>
          </reporter-output>
        </test-method> <!-- validateSignout -->
        <test-method is-config="true" signature="close()[pri:0, instance:Selenium.Testpackage.ErrorValidationTest@43f02ef2]" started-at="2025-03-31T14:45:51 IST" name="close" finished-at="2025-03-31T14:45:52 IST" duration-ms="244" status="PASS">
          <reporter-output>
          </reporter-output>
        </test-method> <!-- close -->
      </class> <!-- Selenium.Testpackage.ErrorValidationTest -->
    </test> <!-- Smoke -->
  </suite> <!-- Suite -->
</testng-results>
